Using pre-set license
Built from '2021.3/staging' branch; Version is '2021.3.11f1 (0a5ca18544bf) revision 679073'; Using compiler version '192829333'; Build Type 'Release'
OS: 'Windows 10  (10.0.19045) 64bit Professional' Language: 'ko' Physical Memory: 8106 MB
BatchMode: 1, IsHumanControllingUs: 0, StartBugReporterOnCrash: 0, Is64bit: 1, IsPro: 1

COMMAND LINE ARGUMENTS:
C:\Program Files\Unity\Hub\Editor\2021.3.11f1\Editor\Unity.exe
-adb2
-batchMode
-noUpm
-name
AssetImportWorker0
-projectPath
C:/Users/user/Desktop/LoadBall/LoadBallPublic/Sample
-logFile
Logs/AssetImportWorker0.log
-srvPort
62147
Successfully changed project path to: C:/Users/user/Desktop/LoadBall/LoadBallPublic/Sample
C:/Users/user/Desktop/LoadBall/LoadBallPublic/Sample
[UnityMemory] Configuration Parameters - Can be set up in boot.config
    "memorysetup-bucket-allocator-granularity=16"
    "memorysetup-bucket-allocator-bucket-count=8"
    "memorysetup-bucket-allocator-block-size=33554432"
    "memorysetup-bucket-allocator-block-count=8"
    "memorysetup-main-allocator-block-size=16777216"
    "memorysetup-thread-allocator-block-size=16777216"
    "memorysetup-gfx-main-allocator-block-size=16777216"
    "memorysetup-gfx-thread-allocator-block-size=16777216"
    "memorysetup-cache-allocator-block-size=4194304"
    "memorysetup-typetree-allocator-block-size=2097152"
    "memorysetup-profiler-bucket-allocator-granularity=16"
    "memorysetup-profiler-bucket-allocator-bucket-count=8"
    "memorysetup-profiler-bucket-allocator-block-size=33554432"
    "memorysetup-profiler-bucket-allocator-block-count=8"
    "memorysetup-profiler-allocator-block-size=16777216"
    "memorysetup-profiler-editor-allocator-block-size=1048576"
    "memorysetup-temp-allocator-size-main=16777216"
    "memorysetup-job-temp-allocator-block-size=2097152"
    "memorysetup-job-temp-allocator-block-size-background=1048576"
    "memorysetup-job-temp-allocator-reduction-small-platforms=262144"
    "memorysetup-temp-allocator-size-background-worker=32768"
    "memorysetup-temp-allocator-size-job-worker=262144"
    "memorysetup-temp-allocator-size-preload-manager=33554432"
    "memorysetup-temp-allocator-size-nav-mesh-worker=65536"
    "memorysetup-temp-allocator-size-audio-worker=65536"
    "memorysetup-temp-allocator-size-cloud-worker=32768"
    "memorysetup-temp-allocator-size-gi-baking-worker=262144"
    "memorysetup-temp-allocator-size-gfx=262144"
Refreshing native plugins compatible for Editor in 169.15 ms, found 4 plugins.
Preloading 0 native plugins for Editor in 0.00 ms.
Initialize engine version: 2021.3.11f1 (0a5ca18544bf)
[Subsystems] Discovering subsystems at path C:/Program Files/Unity/Hub/Editor/2021.3.11f1/Editor/Data/Resources/UnitySubsystems
[Subsystems] Discovering subsystems at path C:/Users/user/Desktop/LoadBall/LoadBallPublic/Sample/Assets
GfxDevice: creating device client; threaded=0; jobified=0
Direct3D:
    Version:  Direct3D 11.0 [level 11.1]
    Renderer: Intel(R) HD Graphics 520 (ID=0x1916)
    Vendor:   Intel
    VRAM:     4053 MB
    Driver:   25.20.100.6472
Initialize mono
Mono path[0] = 'C:/Program Files/Unity/Hub/Editor/2021.3.11f1/Editor/Data/Managed'
Mono path[1] = 'C:/Program Files/Unity/Hub/Editor/2021.3.11f1/Editor/Data/MonoBleedingEdge/lib/mono/unityjit-win32'
Mono config path = 'C:/Program Files/Unity/Hub/Editor/2021.3.11f1/Editor/Data/MonoBleedingEdge/etc'
Using monoOptions --debugger-agent=transport=dt_socket,embedding=1,server=y,suspend=n,address=127.0.0.1:56924
Begin MonoManager ReloadAssembly
Registering precompiled unity dll's ...
Register platform support module: C:/Program Files/Unity/Hub/Editor/2021.3.11f1/Editor/Data/PlaybackEngines/AndroidPlayer/UnityEditor.Android.Extensions.dll
Register platform support module: C:/Program Files/Unity/Hub/Editor/2021.3.11f1/Editor/Data/PlaybackEngines/iOSSupport/UnityEditor.iOS.Extensions.dll
Register platform support module: C:/Program Files/Unity/Hub/Editor/2021.3.11f1/Editor/Data/PlaybackEngines/WindowsStandaloneSupport/UnityEditor.WindowsStandalone.Extensions.dll
Registered in 0.015904 seconds.
Native extension for WindowsStandalone target not found
[usbmuxd] Start listen thread
[usbmuxd] Listen thread started
Native extension for iOS target not found
Native extension for Android target not found
Refreshing native plugins compatible for Editor in 214.34 ms, found 4 plugins.
Preloading 0 native plugins for Editor in 0.00 ms.
Mono: successfully reloaded assembly
- Completed reload, in  1.309 seconds
Domain Reload Profiling:
	ReloadAssembly (1310ms)
		BeginReloadAssembly (144ms)
			ExecutionOrderSort (0ms)
			DisableScriptedObjects (0ms)
			BackupInstance (0ms)
			ReleaseScriptingObjects (0ms)
			CreateAndSetChildDomain (1ms)
		EndReloadAssembly (963ms)
			LoadAssemblies (141ms)
			RebuildTransferFunctionScriptingTraits (0ms)
			SetupTypeCache (224ms)
			ReleaseScriptCaches (0ms)
			RebuildScriptCaches (54ms)
			SetupLoadedEditorAssemblies (594ms)
				LogAssemblyErrors (0ms)
				InitializePlatformSupportModulesInManaged (132ms)
				SetLoadedEditorAssemblies (0ms)
				RefreshPlugins (214ms)
				BeforeProcessingInitializeOnLoad (2ms)
				ProcessInitializeOnLoadAttributes (162ms)
				ProcessInitializeOnLoadMethodAttributes (83ms)
				AfterProcessingInitializeOnLoad (0ms)
				EditorAssembliesLoaded (0ms)
			ExecutionOrderSort2 (0ms)
			AwakeInstancesAfterBackupRestoration (0ms)
Platform modules already initialized, skipping
Registering precompiled user dll's ...
Registered in 0.017210 seconds.
Begin MonoManager ReloadAssembly
Symbol file LoadedFromMemory doesn't match image C:\Users\user\Desktop\LoadBall\LoadBallPublic\Sample\Library\PackageCache\com.unity.visualscripting@1.7.8\Editor\VisualScripting.Core\Dependencies\YamlDotNet\Unity.VisualScripting.YamlDotNet.dll
Symbol file LoadedFromMemory doesn't match image C:\Users\user\Desktop\LoadBall\LoadBallPublic\Sample\Library\PackageCache\com.unity.visualscripting@1.7.8\Editor\VisualScripting.Core\Dependencies\DotNetZip\Unity.VisualScripting.IonicZip.dll
Native extension for WindowsStandalone target not found
Native extension for iOS target not found
Native extension for Android target not found
Refreshing native plugins compatible for Editor in 163.33 ms, found 4 plugins.
Preloading 0 native plugins for Editor in 0.00 ms.
Mono: successfully reloaded assembly
- Completed reload, in  2.720 seconds
Domain Reload Profiling:
	ReloadAssembly (2721ms)
		BeginReloadAssembly (379ms)
			ExecutionOrderSort (0ms)
			DisableScriptedObjects (11ms)
			BackupInstance (0ms)
			ReleaseScriptingObjects (0ms)
			CreateAndSetChildDomain (206ms)
		EndReloadAssembly (2113ms)
			LoadAssemblies (169ms)
			RebuildTransferFunctionScriptingTraits (0ms)
			SetupTypeCache (525ms)
			ReleaseScriptCaches (1ms)
			RebuildScriptCaches (124ms)
			SetupLoadedEditorAssemblies (1204ms)
				LogAssemblyErrors (0ms)
				InitializePlatformSupportModulesInManaged (42ms)
				SetLoadedEditorAssemblies (0ms)
				RefreshPlugins (163ms)
				BeforeProcessingInitializeOnLoad (331ms)
				ProcessInitializeOnLoadAttributes (566ms)
				ProcessInitializeOnLoadMethodAttributes (87ms)
				AfterProcessingInitializeOnLoad (15ms)
				EditorAssembliesLoaded (0ms)
			ExecutionOrderSort2 (0ms)
			AwakeInstancesAfterBackupRestoration (15ms)
Platform modules already initialized, skipping
========================================================================
Worker process is ready to serve import requests
Launched and connected shader compiler UnityShaderCompiler.exe after 0.25 seconds
Refreshing native plugins compatible for Editor in 0.97 ms, found 4 plugins.
Preloading 0 native plugins for Editor in 0.00 ms.
Unloading 4117 Unused Serialized files (Serialized files now loaded: 0)
Unloading 38 unused Assets / (56.1 KB). Loaded Objects now: 4575.
Memory consumption went from 154.8 MB to 154.8 MB.
Total: 7.200800 ms (FindLiveObjects: 0.467100 ms CreateObjectMapping: 0.421500 ms MarkObjects: 6.205900 ms  DeleteObjects: 0.104500 ms)

AssetImportParameters requested are different than current active one (requested -> active):
  custom:video-decoder-ogg-theora: a1e56fd34408186e4bbccfd4996cb3dc -> 
  custom:container-muxer-webm: aa71ff27fc2769a1b78a27578f13a17b -> 
  custom:container-demuxer-webm: 4f35f7cbe854078d1ac9338744f61a02 -> 
  custom:video-encoder-webm-vp8: eb34c28f22e8b96e1ab97ce403110664 -> 
  custom:audio-encoder-webm-vorbis: bf7c407c2cedff20999df2af8eb42d56 -> 
  custom:framework-win-MediaFoundation: 216162199b28c13a410421893ffa2e32 -> 
  custom:container-demuxer-ogg: 62fdf1f143b41e24485cea50d1cbac27 -> 
  custom:video-decoder-webm-vp8: 9c59270c3fd7afecdb556c50c9e8de78 -> 
  custom:audio-decoder-ogg-vorbis: bf7c407c2cedff20999df2af8eb42d56 -> 
========================================================================
Received Import Request.
  Time since last request: 689.510922 seconds.
  path: Assets/Scene
  artifactKey: Guid(914b5a01ee3fea74abf3211465cfd1d1) Importer(815301076,1909f56bfc062723c751e8b465ee728b)
Start importing Assets/Scene using Guid(914b5a01ee3fea74abf3211465cfd1d1) Importer(815301076,1909f56bfc062723c751e8b465ee728b)  -> (artifact id: '5f2e622ab5d55ac00840ccde42a1c16b') in 0.020830 seconds 
========================================================================
Received Import Request.
  Time since last request: 128.671696 seconds.
  path: Assets/Prefabs
  artifactKey: Guid(0a25e493431f5ec4a89c84d17fd2f77f) Importer(815301076,1909f56bfc062723c751e8b465ee728b)
Start importing Assets/Prefabs using Guid(0a25e493431f5ec4a89c84d17fd2f77f) Importer(815301076,1909f56bfc062723c751e8b465ee728b)  -> (artifact id: 'd4619a039c525587308b6d69b466e291') in 0.017550 seconds 
========================================================================
Received Import Request.
  Time since last request: 6.496424 seconds.
  path: Assets/Prefabs/InGameMap
  artifactKey: Guid(8bdfba0f1a78bd84a8ab568373ad389d) Importer(815301076,1909f56bfc062723c751e8b465ee728b)
Start importing Assets/Prefabs/InGameMap using Guid(8bdfba0f1a78bd84a8ab568373ad389d) Importer(815301076,1909f56bfc062723c751e8b465ee728b)  -> (artifact id: '10db4de7c8df49b6fb73d7534d953bcc') in 0.015752 seconds 
========================================================================
Received Import Request.
  Time since last request: 8.116861 seconds.
  path: Assets/Prefabs/InGameMap/StageLevel_1.prefab
  artifactKey: Guid(62b9c0c6aaba1ca4c9499a0ec9e1a85d) Importer(815301076,1909f56bfc062723c751e8b465ee728b)
Start importing Assets/Prefabs/InGameMap/StageLevel_1.prefab using Guid(62b9c0c6aaba1ca4c9499a0ec9e1a85d) Importer(815301076,1909f56bfc062723c751e8b465ee728b)  -> (artifact id: 'f61a349689b205715bb4bf423285f90a') in 0.215249 seconds 
========================================================================
Received Import Request.
  Time since last request: 1.014534 seconds.
  path: Assets/Prefabs/BallPlayer.prefab
  artifactKey: Guid(624aea2516a8e1d46ad223d375788708) Importer(815301076,1909f56bfc062723c751e8b465ee728b)
Start importing Assets/Prefabs/BallPlayer.prefab using Guid(624aea2516a8e1d46ad223d375788708) Importer(815301076,1909f56bfc062723c751e8b465ee728b)  -> (artifact id: 'c9faceac1d25ad4e64236c3f22aa53fc') in 0.206723 seconds 
========================================================================
Received Import Request.
  Time since last request: 29.412009 seconds.
  path: Assets/Prefabs/InGameMap/StageLevel_8.prefab
  artifactKey: Guid(476a88b8ffcae4341a0239ee858df3be) Importer(815301076,1909f56bfc062723c751e8b465ee728b)
Start importing Assets/Prefabs/InGameMap/StageLevel_8.prefab using Guid(476a88b8ffcae4341a0239ee858df3be) Importer(815301076,1909f56bfc062723c751e8b465ee728b)  -> (artifact id: 'faf231ed59199bc19b16c3e7db88f6a9') in 0.067966 seconds 
========================================================================
Received Import Request.
  Time since last request: 1.154060 seconds.
  path: Assets/Prefabs/InGameMap/StageLevel_5.prefab
  artifactKey: Guid(076824225cfd3514fb5df6e5077b7790) Importer(815301076,1909f56bfc062723c751e8b465ee728b)
Start importing Assets/Prefabs/InGameMap/StageLevel_5.prefab using Guid(076824225cfd3514fb5df6e5077b7790) Importer(815301076,1909f56bfc062723c751e8b465ee728b)  -> (artifact id: 'de73ff99ee3e5dd430273d4f87b9ccc1') in 0.093993 seconds 
========================================================================
Received Import Request.
  Time since last request: 0.854735 seconds.
  path: Assets/Prefabs/InGameMap/StageLevel_3.prefab
  artifactKey: Guid(637fc2ca02acdc44897c41eb312134ab) Importer(815301076,1909f56bfc062723c751e8b465ee728b)
Start importing Assets/Prefabs/InGameMap/StageLevel_3.prefab using Guid(637fc2ca02acdc44897c41eb312134ab) Importer(815301076,1909f56bfc062723c751e8b465ee728b)  -> (artifact id: '657561b8a7f84382789d5144cc652e19') in 0.039695 seconds 
========================================================================
Received Import Request.
  Time since last request: 0.853095 seconds.
  path: Assets/Prefabs/InGameMap/StageLevel_6.prefab
  artifactKey: Guid(1dcd610414c302540a59c63c84ca4fcf) Importer(815301076,1909f56bfc062723c751e8b465ee728b)
Start importing Assets/Prefabs/InGameMap/StageLevel_6.prefab using Guid(1dcd610414c302540a59c63c84ca4fcf) Importer(815301076,1909f56bfc062723c751e8b465ee728b)  -> (artifact id: '29118b51db4aca8695043c7cbd65d0be') in 0.040478 seconds 
========================================================================
Received Import Request.
  Time since last request: 1.929982 seconds.
  path: Assets/Prefabs/InGameMap/StageLevel_2.prefab
  artifactKey: Guid(79ee8c452ac9cb941ae94b02e6bd4b75) Importer(815301076,1909f56bfc062723c751e8b465ee728b)
Start importing Assets/Prefabs/InGameMap/StageLevel_2.prefab using Guid(79ee8c452ac9cb941ae94b02e6bd4b75) Importer(815301076,1909f56bfc062723c751e8b465ee728b)  -> (artifact id: 'fed87d3f780f57359b0c25c67c0f7aa5') in 0.047438 seconds 
========================================================================
Received Import Request.
  Time since last request: 100.790622 seconds.
  path: Assets/Prefabs/InGameMap/StageLevel_9.prefab
  artifactKey: Guid(1618be7caffb4c749b768353bbd451e8) Importer(815301076,1909f56bfc062723c751e8b465ee728b)
Start importing Assets/Prefabs/InGameMap/StageLevel_9.prefab using Guid(1618be7caffb4c749b768353bbd451e8) Importer(815301076,1909f56bfc062723c751e8b465ee728b)  -> (artifact id: '37d7fb93149e3206984970df022f1077') in 0.066298 seconds 
========================================================================
Received Import Request.
  Time since last request: 240.686259 seconds.
  path: Assets/Prefabs/InGameMap/StageLevel_9.prefab
  artifactKey: Guid(1618be7caffb4c749b768353bbd451e8) Importer(815301076,1909f56bfc062723c751e8b465ee728b)
Start importing Assets/Prefabs/InGameMap/StageLevel_9.prefab using Guid(1618be7caffb4c749b768353bbd451e8) Importer(815301076,1909f56bfc062723c751e8b465ee728b)  -> (artifact id: 'a7b4282ccaeb14107f3023571922eca6') in 0.039521 seconds 
========================================================================
Received Import Request.
  Time since last request: 27.958185 seconds.
  path: Assets/Prefabs/InGameMap/StageLevel_9.prefab
  artifactKey: Guid(1618be7caffb4c749b768353bbd451e8) Importer(815301076,1909f56bfc062723c751e8b465ee728b)
Start importing Assets/Prefabs/InGameMap/StageLevel_9.prefab using Guid(1618be7caffb4c749b768353bbd451e8) Importer(815301076,1909f56bfc062723c751e8b465ee728b)  -> (artifact id: 'f1cfb9694c2cd22364168d530d52782f') in 0.048945 seconds 
========================================================================
Received Import Request.
  Time since last request: 172.650516 seconds.
  path: Assets/UIAtlasImage/Atlas/InGameAtlas/Btn_Circle_Face_White.png
  artifactKey: Guid(fa37c816e6d7a8540acca48e7d6313bc) Importer(815301076,1909f56bfc062723c751e8b465ee728b)
Start importing Assets/UIAtlasImage/Atlas/InGameAtlas/Btn_Circle_Face_White.png using Guid(fa37c816e6d7a8540acca48e7d6313bc) Importer(815301076,1909f56bfc062723c751e8b465ee728b)  -> (artifact id: '20e6c88e66450a112d30baaebd40ae5b') in 0.127915 seconds 
========================================================================
Received Import Request.
  Time since last request: 67.671100 seconds.
  path: Assets/Prefabs/InGameMap/StageLevel_10.prefab
  artifactKey: Guid(ffc60b9371bdb3745856e8d700a27369) Importer(815301076,1909f56bfc062723c751e8b465ee728b)
Start importing Assets/Prefabs/InGameMap/StageLevel_10.prefab using Guid(ffc60b9371bdb3745856e8d700a27369) Importer(815301076,1909f56bfc062723c751e8b465ee728b)  -> (artifact id: '53701e8c271383465a296d061a4516e4') in 0.108006 seconds 
========================================================================
Received Import Request.
  Time since last request: 19.998154 seconds.
  path: Assets/Prefabs/InGameMap/StageLevel_9.prefab
  artifactKey: Guid(1618be7caffb4c749b768353bbd451e8) Importer(815301076,1909f56bfc062723c751e8b465ee728b)
Start importing Assets/Prefabs/InGameMap/StageLevel_9.prefab using Guid(1618be7caffb4c749b768353bbd451e8) Importer(815301076,1909f56bfc062723c751e8b465ee728b)  -> (artifact id: '9a58d6ec560cf3bc023f8515d04dcd30') in 0.038870 seconds 
========================================================================
Received Import Request.
  Time since last request: 42.269304 seconds.
  path: Assets/Prefabs/InGameMap/StageLevel_10.prefab
  artifactKey: Guid(ffc60b9371bdb3745856e8d700a27369) Importer(815301076,1909f56bfc062723c751e8b465ee728b)
Start importing Assets/Prefabs/InGameMap/StageLevel_10.prefab using Guid(ffc60b9371bdb3745856e8d700a27369) Importer(815301076,1909f56bfc062723c751e8b465ee728b)  -> (artifact id: '28ddd89368e4c2ad4e2b313b02a7d598') in 0.042366 seconds 
========================================================================
Received Import Request.
  Time since last request: 5.423732 seconds.
  path: Assets/Prefabs/InGameMap/StageLevel_8.prefab
  artifactKey: Guid(476a88b8ffcae4341a0239ee858df3be) Importer(815301076,1909f56bfc062723c751e8b465ee728b)
Start importing Assets/Prefabs/InGameMap/StageLevel_8.prefab using Guid(476a88b8ffcae4341a0239ee858df3be) Importer(815301076,1909f56bfc062723c751e8b465ee728b)  -> (artifact id: '63b02e08122ae4cfb94670ca23c31e8c') in 0.056024 seconds 
========================================================================
Received Import Request.
  Time since last request: 6.522355 seconds.
  path: Assets/Prefabs/InGameMap/StageLevel_1.prefab
  artifactKey: Guid(62b9c0c6aaba1ca4c9499a0ec9e1a85d) Importer(815301076,1909f56bfc062723c751e8b465ee728b)
Start importing Assets/Prefabs/InGameMap/StageLevel_1.prefab using Guid(62b9c0c6aaba1ca4c9499a0ec9e1a85d) Importer(815301076,1909f56bfc062723c751e8b465ee728b)  -> (artifact id: 'ff9d7397d57a9320e8ff44751c1c96ac') in 0.042138 seconds 
========================================================================
Received Import Request.
  Time since last request: 0.387847 seconds.
  path: Assets/Prefabs/InGameMap/StageLevel_2.prefab
  artifactKey: Guid(79ee8c452ac9cb941ae94b02e6bd4b75) Importer(815301076,1909f56bfc062723c751e8b465ee728b)
Start importing Assets/Prefabs/InGameMap/StageLevel_2.prefab using Guid(79ee8c452ac9cb941ae94b02e6bd4b75) Importer(815301076,1909f56bfc062723c751e8b465ee728b)  -> (artifact id: '1527268aebf1f01a733f36adc6d79eda') in 0.036151 seconds 
========================================================================
Received Import Request.
  Time since last request: 1.699951 seconds.
  path: Assets/Prefabs/InGameMap/StageLevel_3.prefab
  artifactKey: Guid(637fc2ca02acdc44897c41eb312134ab) Importer(815301076,1909f56bfc062723c751e8b465ee728b)
Start importing Assets/Prefabs/InGameMap/StageLevel_3.prefab using Guid(637fc2ca02acdc44897c41eb312134ab) Importer(815301076,1909f56bfc062723c751e8b465ee728b)  -> (artifact id: '67e64a502fd5f4734cbc7942c544a117') in 0.034553 seconds 
========================================================================
Received Import Request.
  Time since last request: 0.614454 seconds.
  path: Assets/Prefabs/InGameMap/StageLevel_4.prefab
  artifactKey: Guid(a8d22288c2d0dbf449c6acdf9ab35d20) Importer(815301076,1909f56bfc062723c751e8b465ee728b)
Start importing Assets/Prefabs/InGameMap/StageLevel_4.prefab using Guid(a8d22288c2d0dbf449c6acdf9ab35d20) Importer(815301076,1909f56bfc062723c751e8b465ee728b)  -> (artifact id: '11448f54a4b5fe8eccec23251a0fa893') in 0.047722 seconds 
========================================================================
Received Import Request.
  Time since last request: 0.497177 seconds.
  path: Assets/Prefabs/InGameMap/StageLevel_5.prefab
  artifactKey: Guid(076824225cfd3514fb5df6e5077b7790) Importer(815301076,1909f56bfc062723c751e8b465ee728b)
Start importing Assets/Prefabs/InGameMap/StageLevel_5.prefab using Guid(076824225cfd3514fb5df6e5077b7790) Importer(815301076,1909f56bfc062723c751e8b465ee728b)  -> (artifact id: 'f6bc337375ab09db4e3954de39d4a498') in 0.033974 seconds 
========================================================================
Received Import Request.
  Time since last request: 0.512714 seconds.
  path: Assets/Prefabs/InGameMap/StageLevel_6.prefab
  artifactKey: Guid(1dcd610414c302540a59c63c84ca4fcf) Importer(815301076,1909f56bfc062723c751e8b465ee728b)
Start importing Assets/Prefabs/InGameMap/StageLevel_6.prefab using Guid(1dcd610414c302540a59c63c84ca4fcf) Importer(815301076,1909f56bfc062723c751e8b465ee728b)  -> (artifact id: '723a10ffa2634c7c7944c1426c64cb26') in 0.034354 seconds 
========================================================================
Received Import Request.
  Time since last request: 0.683967 seconds.
  path: Assets/Prefabs/InGameMap/StageLevel_7.prefab
  artifactKey: Guid(6668306968a6dd642b03acb93c2530a3) Importer(815301076,1909f56bfc062723c751e8b465ee728b)
Start importing Assets/Prefabs/InGameMap/StageLevel_7.prefab using Guid(6668306968a6dd642b03acb93c2530a3) Importer(815301076,1909f56bfc062723c751e8b465ee728b)  -> (artifact id: '2ef334a1015fe74eba33aba04302e817') in 0.055339 seconds 
========================================================================
Received Prepare
Registering precompiled user dll's ...
Registered in 0.015437 seconds.
Begin MonoManager ReloadAssembly
Symbol file LoadedFromMemory doesn't match image C:\Users\user\Desktop\LoadBall\LoadBallPublic\Sample\Library\PackageCache\com.unity.visualscripting@1.7.8\Editor\VisualScripting.Core\Dependencies\YamlDotNet\Unity.VisualScripting.YamlDotNet.dll
Symbol file LoadedFromMemory doesn't match image C:\Users\user\Desktop\LoadBall\LoadBallPublic\Sample\Library\PackageCache\com.unity.visualscripting@1.7.8\Editor\VisualScripting.Core\Dependencies\DotNetZip\Unity.VisualScripting.IonicZip.dll
Native extension for WindowsStandalone target not found
Native extension for iOS target not found
Native extension for Android target not found
Refreshing native plugins compatible for Editor in 3.17 ms, found 4 plugins.
Preloading 0 native plugins for Editor in 0.00 ms.
Mono: successfully reloaded assembly
- Completed reload, in  4.127 seconds
Domain Reload Profiling:
	ReloadAssembly (4129ms)
		BeginReloadAssembly (280ms)
			ExecutionOrderSort (0ms)
			DisableScriptedObjects (9ms)
			BackupInstance (0ms)
			ReleaseScriptingObjects (0ms)
			CreateAndSetChildDomain (87ms)
		EndReloadAssembly (3382ms)
			LoadAssemblies (292ms)
			RebuildTransferFunctionScriptingTraits (0ms)
			SetupTypeCache (1068ms)
			ReleaseScriptCaches (5ms)
			RebuildScriptCaches (248ms)
			SetupLoadedEditorAssemblies (1481ms)
				LogAssemblyErrors (0ms)
				InitializePlatformSupportModulesInManaged (125ms)
				SetLoadedEditorAssemblies (1ms)
				RefreshPlugins (3ms)
				BeforeProcessingInitializeOnLoad (263ms)
				ProcessInitializeOnLoadAttributes (850ms)
				ProcessInitializeOnLoadMethodAttributes (204ms)
				AfterProcessingInitializeOnLoad (34ms)
				EditorAssembliesLoaded (0ms)
			ExecutionOrderSort2 (0ms)
			AwakeInstancesAfterBackupRestoration (35ms)
Platform modules already initialized, skipping
Refreshing native plugins compatible for Editor in 9.17 ms, found 4 plugins.
Preloading 0 native plugins for Editor in 0.00 ms.
Unloading 4093 Unused Serialized files (Serialized files now loaded: 0)
Unloading 25 unused Assets / (24.7 KB). Loaded Objects now: 4589.
Memory consumption went from 157.6 MB to 157.6 MB.
Total: 10.963500 ms (FindLiveObjects: 1.646300 ms CreateObjectMapping: 0.633600 ms MarkObjects: 8.639500 ms  DeleteObjects: 0.042200 ms)

AssetImportParameters requested are different than current active one (requested -> active):
  custom:video-decoder-ogg-theora: a1e56fd34408186e4bbccfd4996cb3dc -> 
  custom:container-muxer-webm: aa71ff27fc2769a1b78a27578f13a17b -> 
  custom:container-demuxer-webm: 4f35f7cbe854078d1ac9338744f61a02 -> 
  custom:video-encoder-webm-vp8: eb34c28f22e8b96e1ab97ce403110664 -> 
  custom:audio-encoder-webm-vorbis: bf7c407c2cedff20999df2af8eb42d56 -> 
  custom:framework-win-MediaFoundation: 216162199b28c13a410421893ffa2e32 -> 
  custom:container-demuxer-ogg: 62fdf1f143b41e24485cea50d1cbac27 -> 
  custom:video-decoder-webm-vp8: 9c59270c3fd7afecdb556c50c9e8de78 -> 
  custom:audio-decoder-ogg-vorbis: bf7c407c2cedff20999df2af8eb42d56 -> 
